<?xml version="1.0" encoding="UTF-8"?>
<!-- Generated by org.testng.reporters.JUnitReportReporter -->
<testsuite hostname="ALIPL0258" failures="0" tests="2" name="test.Day01" time="0.016" errors="0" timestamp="2021-06-13T08:02:47 IST" skipped="0">
  <testcase classname="test.Day01" name="demo2" time="0.003"/>
  <system-out/>
  <testcase classname="test.Day01" name="demo" time="0.013"/>
  <system-out/>
</testsuite> <!-- test.Day01 -->
