<?xml version="1.0" encoding="UTF-8"?>
<!-- Generated by org.testng.reporters.JUnitReportReporter -->
<testsuite hostname="ALIPL0258" failures="0" tests="1" name="test.Day2" time="0.008" errors="0" timestamp="2021-06-13T08:02:47 IST" skipped="0">
  <testcase classname="test.Day2" name="demo" time="0.008"/>
  <system-out/>
</testsuite> <!-- test.Day2 -->
