<?xml version="1.0" encoding="UTF-8"?>
<!-- Generated by org.testng.reporters.JUnitReportReporter -->
<testsuite hostname="ALIPL0258" failures="0" tests="6" name="test.Day4" time="0.019" errors="0" timestamp="2021-06-13T08:02:47 IST" skipped="0">
  <testcase classname="test.Day4" name="testParamterization" time="0.004"/>
  <system-out/>
  <testcase classname="test.Day4" name="testParamterization" time="0.003"/>
  <system-out/>
  <testcase classname="test.Day4" name="mobileLoginHomeLoan" time="0.002"/>
  <system-out/>
  <testcase classname="test.Day4" name="testParamterization" time="0.005"/>
  <system-out/>
  <testcase classname="test.Day4" name="apiLoginHomeLoan" time="0.003"/>
  <system-out/>
  <testcase classname="test.Day4" name="webLoginHomeLoan" time="0.002"/>
  <system-out/>
</testsuite> <!-- test.Day4 -->
