<?xml version="1.0" encoding="UTF-8"?>
<!-- Generated by org.testng.reporters.JUnitReportReporter -->
<testsuite hostname="ALIPL0258" failures="0" tests="5" name="test.Day3" time="0.032" errors="0" timestamp="2021-06-13T08:02:47 IST" skipped="0">
  <testcase classname="test.Day3" name="mobileSignoutCarLoan" time="0.008"/>
  <system-out/>
  <testcase classname="test.Day3" name="webLoginCarLoan" time="0.004"/>
  <system-out/>
  <testcase classname="test.Day3" name="mobileSigninCarLoan" time="0.006"/>
  <system-out/>
  <testcase classname="test.Day3" name="mobileLoginCarLoan" time="0.002"/>
  <system-out/>
  <testcase classname="test.Day3" name="apiLoginCarLoan" time="0.012"/>
  <system-out/>
</testsuite> <!-- test.Day3 -->
